0 info it worked if it ends with ok
1 verbose cli [ '/usr/bin/nodejs', '/usr/bin/npm', 'start' ]
2 info using npm@3.5.2
3 info using node@v4.2.6
4 verbose run-script [ 'prestart', 'start', 'poststart' ]
5 info lifecycle colorful-timedate@0.1.0~prestart: colorful-timedate@0.1.0
6 silly lifecycle colorful-timedate@0.1.0~prestart: no script for prestart, continuing
7 info lifecycle colorful-timedate@0.1.0~start: colorful-timedate@0.1.0
8 verbose lifecycle colorful-timedate@0.1.0~start: unsafe-perm in lifecycle true
9 verbose lifecycle colorful-timedate@0.1.0~start: PATH: /usr/share/npm/bin/node-gyp-bin:/home/rp/mta_etix/node_modules/.bin:/home/rp/bin:/home/rp/.local/bin:/usr/local/sbin:/usr/local/bin:/usr/sbin:/usr/bin:/sbin:/bin:/usr/games:/usr/local/games
10 verbose lifecycle colorful-timedate@0.1.0~start: CWD: /home/rp/mta_etix
11 silly lifecycle colorful-timedate@0.1.0~start: Args: [ '-c', 'PORT=3004 react-scripts start' ]
12 silly lifecycle colorful-timedate@0.1.0~start: Returned: code: 1  signal: null
13 info lifecycle colorful-timedate@0.1.0~start: Failed to exec start script
14 verbose stack Error: colorful-timedate@0.1.0 start: `PORT=3004 react-scripts start`
14 verbose stack Exit status 1
14 verbose stack     at EventEmitter.<anonymous> (/usr/share/npm/lib/utils/lifecycle.js:232:16)
14 verbose stack     at emitTwo (events.js:87:13)
14 verbose stack     at EventEmitter.emit (events.js:172:7)
14 verbose stack     at ChildProcess.<anonymous> (/usr/share/npm/lib/utils/spawn.js:24:14)
14 verbose stack     at emitTwo (events.js:87:13)
14 verbose stack     at ChildProcess.emit (events.js:172:7)
14 verbose stack     at maybeClose (internal/child_process.js:821:16)
14 verbose stack     at Process.ChildProcess._handle.onexit (internal/child_process.js:211:5)
15 verbose pkgid colorful-timedate@0.1.0
16 verbose cwd /home/rp/mta_etix
17 error Linux 4.15.0-33-generic
18 error argv "/usr/bin/nodejs" "/usr/bin/npm" "start"
19 error node v4.2.6
20 error npm  v3.5.2
21 error code ELIFECYCLE
22 error colorful-timedate@0.1.0 start: `PORT=3004 react-scripts start`
22 error Exit status 1
23 error Failed at the colorful-timedate@0.1.0 start script 'PORT=3004 react-scripts start'.
23 error Make sure you have the latest version of node.js and npm installed.
23 error If you do, this is most likely a problem with the colorful-timedate package,
23 error not with npm itself.
23 error Tell the author that this fails on your system:
23 error     PORT=3004 react-scripts start
23 error You can get information on how to open an issue for this project with:
23 error     npm bugs colorful-timedate
23 error Or if that isn't available, you can get their info via:
23 error     npm owner ls colorful-timedate
23 error There is likely additional logging output above.
24 verbose exit [ 1, true ]
